2022-03-19 13:26:06,759 [Worker-0: Loading available Gradle versions] INFO  o.e.b.c.i.u.g.PublishedGradleVersions - Gradle version information cache is out-of-date. Trying to update.
2022-03-19 13:27:06,138 [Worker-9: Importing Maven projects] INFO  o.e.m.c.i.l.LifecycleMappingFactory - Using org.eclipse.m2e.jdt.JarLifecycleMapping lifecycle mapping for MavenProject: com.example:myinterview:1.0-SNAPSHOT @ C:\Users\Matheus\Desktop\Hitss Interview\myinterview\myinterview\pom.xml.
2022-03-19 13:27:09,214 [Worker-9: Importing Maven projects] INFO  o.e.m.j.i.AbstractJavaProjectConfigurator - Adding source folder /myinterview/src/main/java
2022-03-19 13:27:09,215 [Worker-9: Importing Maven projects] INFO  o.e.m.j.i.AbstractJavaProjectConfigurator - Adding resource folder /myinterview/src/main/resources
2022-03-19 13:27:09,240 [Worker-9: Importing Maven projects] INFO  o.e.m.j.i.AbstractJavaProjectConfigurator - Adding source folder /myinterview/src/test/java
2022-03-19 13:27:12,503 [Worker-9: Importing Maven projects] INFO  o.e.m.c.i.p.ProjectConfigurationManager - Imported and configured 1 project(s) in 12 sec
2022-03-19 13:27:14,092 [Worker-8: Building] INFO  o.e.m.c.i.embedder.EclipseLogger - Using 'UTF-8' encoding to copy filtered resources.
2022-03-19 13:27:14,104 [Worker-8: Building] INFO  o.e.m.c.i.embedder.EclipseLogger - Copying 1 resource
2022-03-19 13:27:14,133 [Worker-8: Building] INFO  o.e.m.c.i.embedder.EclipseLogger - Using 'UTF-8' encoding to copy filtered resources.
2022-03-19 13:27:14,133 [Worker-8: Building] INFO  o.e.m.c.i.embedder.EclipseLogger - skip non existing resourceDirectory C:\Users\Matheus\Desktop\Hitss Interview\myinterview\myinterview\src\test\resources
2022-03-19 13:53:30,950 [Worker-10: Building] INFO  o.e.m.c.i.embedder.EclipseLogger - Using 'UTF-8' encoding to copy filtered resources.
2022-03-19 13:53:30,953 [Worker-10: Building] INFO  o.e.m.c.i.embedder.EclipseLogger - Copying 0 resource
2022-03-19 13:53:30,955 [Worker-10: Building] INFO  o.e.m.c.i.embedder.EclipseLogger - Using 'UTF-8' encoding to copy filtered resources.
2022-03-19 13:53:30,955 [Worker-10: Building] INFO  o.e.m.c.i.embedder.EclipseLogger - skip non existing resourceDirectory C:\Users\Matheus\Desktop\Hitss Interview\myinterview\myinterview\src\test\resources
2022-03-19 14:23:14,495 [Worker-15: Building] INFO  o.e.m.c.i.embedder.EclipseLogger - Using 'UTF-8' encoding to copy filtered resources.
2022-03-19 14:23:14,498 [Worker-15: Building] INFO  o.e.m.c.i.embedder.EclipseLogger - Copying 1 resource
2022-03-19 14:23:14,500 [Worker-15: Building] INFO  o.e.m.c.i.embedder.EclipseLogger - Using 'UTF-8' encoding to copy filtered resources.
2022-03-19 14:23:14,500 [Worker-15: Building] INFO  o.e.m.c.i.embedder.EclipseLogger - skip non existing resourceDirectory C:\Users\Matheus\Desktop\Hitss Interview\myinterview\myinterview\src\test\resources
2022-03-19 14:24:37,692 [main] INFO  o.e.m2e.actions.ExecutePomAction - Creating new launch configuration
2022-03-19 14:35:42,352 [Worker-15: Launching TASK1$Palidrono] INFO  o.e.m.c.i.embedder.EclipseLogger - Using 'UTF-8' encoding to copy filtered resources.
2022-03-19 14:35:42,354 [Worker-15: Launching TASK1$Palidrono] INFO  o.e.m.c.i.embedder.EclipseLogger - Copying 1 resource
2022-03-19 14:35:42,356 [Worker-15: Launching TASK1$Palidrono] INFO  o.e.m.c.i.embedder.EclipseLogger - Using 'UTF-8' encoding to copy filtered resources.
2022-03-19 14:35:42,357 [Worker-15: Launching TASK1$Palidrono] INFO  o.e.m.c.i.embedder.EclipseLogger - skip non existing resourceDirectory C:\Users\Matheus\Desktop\Hitss Interview\myinterview\myinterview\src\test\resources
2022-03-19 14:36:14,582 [Worker-19: Launching TASK1$Palidrono] INFO  o.e.m.c.i.embedder.EclipseLogger - Using 'UTF-8' encoding to copy filtered resources.
2022-03-19 14:36:14,584 [Worker-19: Launching TASK1$Palidrono] INFO  o.e.m.c.i.embedder.EclipseLogger - Copying 1 resource
2022-03-19 14:36:14,587 [Worker-19: Launching TASK1$Palidrono] INFO  o.e.m.c.i.embedder.EclipseLogger - Using 'UTF-8' encoding to copy filtered resources.
2022-03-19 14:36:14,588 [Worker-19: Launching TASK1$Palidrono] INFO  o.e.m.c.i.embedder.EclipseLogger - skip non existing resourceDirectory C:\Users\Matheus\Desktop\Hitss Interview\myinterview\myinterview\src\test\resources
2022-03-19 14:43:10,018 [Worker-23: Building] INFO  o.e.m.c.i.embedder.EclipseLogger - Using 'UTF-8' encoding to copy filtered resources.
2022-03-19 14:43:10,019 [Worker-23: Building] INFO  o.e.m.c.i.embedder.EclipseLogger - Copying 1 resource
2022-03-19 14:43:10,021 [Worker-23: Building] INFO  o.e.m.c.i.embedder.EclipseLogger - Using 'UTF-8' encoding to copy filtered resources.
2022-03-19 14:43:10,021 [Worker-23: Building] INFO  o.e.m.c.i.embedder.EclipseLogger - skip non existing resourceDirectory C:\Users\Matheus\Desktop\Hitss Interview\myinterview\myinterview\src\test\resources
2022-03-19 14:51:23,174 [Worker-26: Launching TASK1$Palidrono] INFO  o.e.m.c.i.embedder.EclipseLogger - Using 'UTF-8' encoding to copy filtered resources.
2022-03-19 14:51:23,176 [Worker-26: Launching TASK1$Palidrono] INFO  o.e.m.c.i.embedder.EclipseLogger - Copying 1 resource
2022-03-19 14:51:23,178 [Worker-26: Launching TASK1$Palidrono] INFO  o.e.m.c.i.embedder.EclipseLogger - Using 'UTF-8' encoding to copy filtered resources.
2022-03-19 14:51:23,178 [Worker-26: Launching TASK1$Palidrono] INFO  o.e.m.c.i.embedder.EclipseLogger - skip non existing resourceDirectory C:\Users\Matheus\Desktop\Hitss Interview\myinterview\myinterview\src\test\resources
2022-03-19 14:52:40,730 [Worker-28: Building] INFO  o.e.m.c.i.embedder.EclipseLogger - Using 'UTF-8' encoding to copy filtered resources.
2022-03-19 14:52:40,732 [Worker-28: Building] INFO  o.e.m.c.i.embedder.EclipseLogger - Copying 1 resource
2022-03-19 14:52:40,734 [Worker-28: Building] INFO  o.e.m.c.i.embedder.EclipseLogger - Using 'UTF-8' encoding to copy filtered resources.
2022-03-19 14:52:40,734 [Worker-28: Building] INFO  o.e.m.c.i.embedder.EclipseLogger - skip non existing resourceDirectory C:\Users\Matheus\Desktop\Hitss Interview\myinterview\myinterview\src\test\resources
2022-03-19 14:53:20,504 [Worker-26: Building] INFO  o.e.m.c.i.embedder.EclipseLogger - Using 'UTF-8' encoding to copy filtered resources.
2022-03-19 14:53:20,506 [Worker-26: Building] INFO  o.e.m.c.i.embedder.EclipseLogger - Copying 1 resource
2022-03-19 14:53:20,508 [Worker-26: Building] INFO  o.e.m.c.i.embedder.EclipseLogger - Using 'UTF-8' encoding to copy filtered resources.
2022-03-19 14:53:20,508 [Worker-26: Building] INFO  o.e.m.c.i.embedder.EclipseLogger - skip non existing resourceDirectory C:\Users\Matheus\Desktop\Hitss Interview\myinterview\myinterview\src\test\resources
2022-03-19 14:55:09,120 [Worker-28: Launching TASK1$Palidrono] INFO  o.e.m.c.i.embedder.EclipseLogger - Using 'UTF-8' encoding to copy filtered resources.
2022-03-19 14:55:09,122 [Worker-28: Launching TASK1$Palidrono] INFO  o.e.m.c.i.embedder.EclipseLogger - Copying 1 resource
2022-03-19 14:55:09,129 [Worker-28: Launching TASK1$Palidrono] INFO  o.e.m.c.i.embedder.EclipseLogger - Using 'UTF-8' encoding to copy filtered resources.
2022-03-19 14:55:09,129 [Worker-28: Launching TASK1$Palidrono] INFO  o.e.m.c.i.embedder.EclipseLogger - skip non existing resourceDirectory C:\Users\Matheus\Desktop\Hitss Interview\myinterview\myinterview\src\test\resources
2022-03-24 00:01:15,582 [Worker-36: Building] INFO  o.e.m.c.i.embedder.EclipseLogger - Using 'UTF-8' encoding to copy filtered resources.
2022-03-24 00:01:15,604 [Worker-36: Building] INFO  o.e.m.c.i.embedder.EclipseLogger - Copying 1 resource
2022-03-24 00:01:15,609 [Worker-36: Building] INFO  o.e.m.c.i.embedder.EclipseLogger - Using 'UTF-8' encoding to copy filtered resources.
2022-03-24 00:01:15,609 [Worker-36: Building] INFO  o.e.m.c.i.embedder.EclipseLogger - skip non existing resourceDirectory C:\Users\Matheus\Desktop\Hitss Interview\myinterview\myinterview\src\test\resources
